{
  "RSpec": {
    "coverage": {
      "/Users/apprentice/Desktop/the-dream-boys/app/helpers/application_helper.rb": [
        1,
        null
      ],
      "/Users/apprentice/Desktop/the-dream-boys/app/helpers/sessions_helper.rb": [
        1,
        null
      ],
      "/Users/apprentice/Desktop/the-dream-boys/app/helpers/users_helper.rb": [
        1,
        null
      ],
      "/Users/apprentice/Desktop/the-dream-boys/app/helpers/users_controller_helper.rb": [
        1,
        null
      ],
      "/Users/apprentice/Desktop/the-dream-boys/app/controllers/sessions_controller.rb": [
        1,
        1,
        null,
        null,
        null,
        1,
        null,
        null,
        null,
        1,
        null,
        null,
        null
      ],
      "/Users/apprentice/Desktop/the-dream-boys/app/controllers/application_controller.rb": [
        1,
        null,
        null,
        1,
        null
      ],
      "/Users/apprentice/Desktop/the-dream-boys/app/controllers/users_controller.rb": [
        1,
        1,
        null,
        null,
        null,
        1,
        0,
        null,
        null,
        1,
        0,
        0,
        0,
        0,
        null,
        0,
        0,
        null,
        null,
        null,
        null,
        null,
        null,
        1,
        1,
        0,
        null,
        null
      ],
      "/Users/apprentice/Desktop/the-dream-boys/app/models/user.rb": [
        1,
        1,
        1,
        1,
        1,
        1,
        1,
        1,
        1,
        null,
        1,
        null,
        1,
        1,
        1,
        null,
        null,
        1,
        1,
        1,
        1,
        1,
        null,
        null,
        null,
        null
      ],
      "/Users/apprentice/Desktop/the-dream-boys/app/models/friendship.rb": [
        1,
        1,
        1,
        null
      ]
    },
    "timestamp": 1436905551
  }
}
